<?xml version="1.0" encoding="UTF-8"?>
<!-- Generated by org.testng.reporters.JUnitReportReporter -->
<testsuite hostname="Prudhvi" failures="0" tests="1" name="AppiumPractice.Assignment" time="10.599" errors="0" timestamp="2024-03-28T00:02:46 CDT" skipped="0">
  <testcase classname="AppiumPractice.Assignment" name="practiceTest" time="10.599"/>
</testsuite> <!-- AppiumPractice.Assignment -->
