<?xml version="1.0" encoding="UTF-8"?>
<!-- Generated by org.testng.reporters.JUnitReportReporter -->
<testsuite hostname="Prudhvi" failures="0" tests="1" name="AppiumPractice.AppiumBasics" time="9.891" errors="0" timestamp="2024-03-27T14:37:02 CDT" skipped="0">
  <testcase classname="AppiumPractice.AppiumBasics" name="AppiumWiFiTest" time="9.891"/>
</testsuite> <!-- AppiumPractice.AppiumBasics -->
