<?xml version="1.0" encoding="UTF-8"?>
<!-- Generated by org.testng.reporters.JUnitReportReporter -->
<testsuite hostname="Prudhvi" failures="0" tests="1" name="AppiumPractice.DragAndDrop" time="8.448" errors="0" timestamp="2024-03-27T21:23:02 CDT" skipped="0">
  <testcase classname="AppiumPractice.DragAndDrop" name="dragAndDropTest" time="8.448"/>
</testsuite> <!-- AppiumPractice.DragAndDrop -->
