<?xml version="1.0" encoding="UTF-8"?>
<!-- Generated by org.testng.reporters.JUnitReportReporter -->
<testsuite hostname="Prudhvi" failures="0" tests="1" name="AppiumPractice.eCommerce_tc_1" time="25.751" errors="0" timestamp="2024-03-28T17:53:11 CDT" skipped="0">
  <testcase classname="AppiumPractice.eCommerce_tc_1" name="Fillform" time="25.751"/>
</testsuite> <!-- AppiumPractice.eCommerce_tc_1 -->
