<?xml version="1.0" encoding="UTF-8"?>
<!-- Generated by org.testng.reporters.JUnitReportReporter -->
<testsuite hostname="Prudhvi" failures="0" tests="1" name="AppiumPractice.SwipeDemo" time="7.693" errors="0" timestamp="2024-03-27T17:10:38 CDT" skipped="0">
  <testcase classname="AppiumPractice.SwipeDemo" name="SwipeTest" time="7.693"/>
</testsuite> <!-- AppiumPractice.SwipeDemo -->
