<?xml version="1.0" encoding="UTF-8"?>
<!-- Generated by org.testng.reporters.JUnitReportReporter -->
<testsuite hostname="Prudhvi" failures="0" tests="1" name="AppiumPractice.MisceallanousAppium" time="11.262" errors="0" timestamp="2024-03-28T01:01:34 CDT" skipped="0">
  <testcase classname="AppiumPractice.MisceallanousAppium" name="AppiumWiFiTest" time="11.262"/>
</testsuite> <!-- AppiumPractice.MisceallanousAppium -->
