<?xml version="1.0" encoding="UTF-8"?>
<!-- Generated by org.testng.reporters.JUnitReportReporter -->
<testsuite hostname="Prudhvi" failures="0" tests="1" name="AppiumPractice.ScrollTest" time="12.439" errors="0" timestamp="2024-03-27T16:22:22 CDT" skipped="0">
  <testcase classname="AppiumPractice.ScrollTest" name="ScrollByBoundaries" time="12.439"/>
</testsuite> <!-- AppiumPractice.ScrollTest -->
